<?xml version="1.0" encoding="UTF-8"?>
<!-- Generated by org.testng.reporters.JUnitReportReporter -->
<testsuite skipped="1" hostname="DanielSchonfeldMac.local" name="testSuites.TestLogin" tests="2" failures="0" timestamp="22 Aug 2017 19:26:48 GMT" time="1.624" errors="0">
  <testcase name="loginTest" time="1.624" classname="testSuites.TestLogin"/>
  <testcase name="invalidLoginTest" time="0.000" classname="testSuites.TestLogin">
    <skipped/>
  </testcase> <!-- invalidLoginTest -->
</testsuite> <!-- testSuites.TestLogin -->
