<?xml version="1.0" encoding="UTF-8"?>
<!-- Generated by org.testng.reporters.JUnitReportReporter -->
<testsuite skipped="0" hostname="DanielSchonfeldMac.local" name="testSuites.TestLogin" tests="3" failures="0" timestamp="22 Aug 2017 19:59:38 GMT" time="3.268" errors="0">
  <testcase name="loginTest" time="1.308" classname="testSuites.TestLogin"/>
  <testcase name="invalidLoginTest" time="0.834" classname="testSuites.TestLogin"/>
  <testcase name="invalidLoginTest" time="1.126" classname="testSuites.TestLogin"/>
</testsuite> <!-- testSuites.TestLogin -->
