<?xml version="1.0" encoding="UTF-8"?>
<!-- Generated by org.testng.reporters.JUnitReportReporter -->
<testsuite skipped="0" hostname="DanielSchonfeldMac.local" name="testSuites.TestLogin" tests="3" failures="0" timestamp="25 Aug 2017 01:07:54 GMT" time="3.200" errors="0">
  <testcase name="invalidLoginTest" time="1.207" classname="testSuites.TestLogin"/>
  <testcase name="loginTest" time="1.023" classname="testSuites.TestLogin"/>
  <testcase name="invalidLoginTest" time="0.970" classname="testSuites.TestLogin"/>
</testsuite> <!-- testSuites.TestLogin -->
