<?xml version="1.0" encoding="UTF-8"?>
<!-- Generated by org.testng.reporters.JUnitReportReporter -->
<testsuite skipped="0" hostname="DanielSchonfeldMac.local" name="testSuites.TestLogin" tests="1" failures="0" timestamp="21 Aug 2017 19:50:17 GMT" time="0.360" errors="0">
  <testcase name="loginTest" time="0.360" classname="testSuites.TestLogin"/>
</testsuite> <!-- testSuites.TestLogin -->
